<?xml version="1.0" encoding="UTF-8"?>
<testsuite xmlns:xsi="http://www.w3.org/2001/XMLSchema-instance" xsi:noNamespaceSchemaLocation="https://maven.apache.org/surefire/maven-surefire-plugin/xsd/surefire-test-report.xsd" name="com.nsw.transportnsw.suiterunner.SuiteRunnerTest" time="15.892" tests="2" errors="0" skipped="0" failures="0">
  <properties>
[...]
</properties>
  <testcase name="A stop providing multiple transport options can be located" classname="Validate Stop Finder Feature of transportnsw service" time="2.104"/>
  <testcase name="A trip request can be executed and results returned" classname="Validate Trip Planner Feature of transportnsw service" time="12.971"/>
</testsuite>